<?xml version="1.0" encoding="UTF-8"?>
<!-- Generated by org.testng.reporters.JUnitReportReporter -->
<testsuite skipped="0" hostname="DESKTOP-CC38EHV" name="Tests" tests="1" failures="0" timestamp="2020-02-24T20:46:08 PST" time="0.469" errors="0">
  <testcase name="BuildJSON" time="0.469" classname="Tests"/>
</testsuite> <!-- Tests -->
