<?xml version="1.0" encoding="UTF-8"?>
<!-- Generated by org.testng.reporters.JUnitReportReporter -->
<testsuite skipped="0" hostname="DESKTOP-CC38EHV" name="Tests" tests="1" failures="0" timestamp="2020-09-25T19:33:15 PDT" time="0.010" errors="0">
  <testcase name="helloWorldTest" time="0.010" classname="Tests"/>
</testsuite> <!-- Tests -->
